<?xml version="1.0" encoding="UTF-8"?>
<testsuite xmlns:xsi="http://www.w3.org/2001/XMLSchema-instance" xsi:noNamespaceSchemaLocation="https://maven.apache.org/surefire/maven-surefire-plugin/xsd/surefire-test-report.xsd" name="com.sap.cc.tdd.FizzBuzzTest" time="0.689" tests="6" errors="0" skipped="0" failures="0">
  <properties>
    <property name="java.specification.version" value="21"/>
    <property name="sun.cpu.isalist" value="amd64"/>
    <property name="sun.jnu.encoding" value="Cp1252"/>
    <property name="java.class.path" value="C:\Users\I516008\CN_Java\tdd-java\target\test-classes;C:\Users\I516008\CN_Java\tdd-java\target\classes;C:\Users\I516008\.m2\repository\org\junit\jupiter\junit-jupiter\5.9.2\junit-jupiter-5.9.2.jar;C:\Users\I516008\.m2\repository\org\junit\jupiter\junit-jupiter-api\5.9.2\junit-jupiter-api-5.9.2.jar;C:\Users\I516008\.m2\repository\org\opentest4j\opentest4j\1.2.0\opentest4j-1.2.0.jar;C:\Users\I516008\.m2\repository\org\junit\platform\junit-platform-commons\1.9.2\junit-platform-commons-1.9.2.jar;C:\Users\I516008\.m2\repository\org\apiguardian\apiguardian-api\1.1.2\apiguardian-api-1.1.2.jar;C:\Users\I516008\.m2\repository\org\junit\jupiter\junit-jupiter-params\5.9.2\junit-jupiter-params-5.9.2.jar;C:\Users\I516008\.m2\repository\org\junit\jupiter\junit-jupiter-engine\5.9.2\junit-jupiter-engine-5.9.2.jar;C:\Users\I516008\.m2\repository\org\junit\platform\junit-platform-engine\1.9.2\junit-platform-engine-1.9.2.jar;C:\Users\I516008\.m2\repository\org\assertj\assertj-core\3.24.2\assertj-core-3.24.2.jar;C:\Users\I516008\.m2\repository\net\bytebuddy\byte-buddy\1.12.21\byte-buddy-1.12.21.jar;"/>
    <property name="java.vm.vendor" value="SAP SE"/>
    <property name="sun.arch.data.model" value="64"/>
    <property name="user.variant" value=""/>
    <property name="java.vendor.url" value="https://sapmachine.io/"/>
    <property name="user.timezone" value="Asia/Calcutta"/>
    <property name="os.name" value="Windows 11"/>
    <property name="java.vm.specification.version" value="21"/>
    <property name="sun.java.launcher" value="SUN_STANDARD"/>
    <property name="user.country" value="IN"/>
    <property name="sun.boot.library.path" value="C:\Program Files\SapMachine\JDK\21\bin"/>
    <property name="sun.java.command" value="C:\Users\I516008\AppData\Local\Temp\surefire786473044317451862\surefirebooter5627471972070573008.jar C:\Users\I516008\AppData\Local\Temp\surefire786473044317451862 2024-02-09T18-54-45_239-jvmRun1 surefire12405994952976862686tmp surefire_011433673153183490395tmp"/>
    <property name="jdk.debug" value="release"/>
    <property name="surefire.test.class.path" value="C:\Users\I516008\CN_Java\tdd-java\target\test-classes;C:\Users\I516008\CN_Java\tdd-java\target\classes;C:\Users\I516008\.m2\repository\org\junit\jupiter\junit-jupiter\5.9.2\junit-jupiter-5.9.2.jar;C:\Users\I516008\.m2\repository\org\junit\jupiter\junit-jupiter-api\5.9.2\junit-jupiter-api-5.9.2.jar;C:\Users\I516008\.m2\repository\org\opentest4j\opentest4j\1.2.0\opentest4j-1.2.0.jar;C:\Users\I516008\.m2\repository\org\junit\platform\junit-platform-commons\1.9.2\junit-platform-commons-1.9.2.jar;C:\Users\I516008\.m2\repository\org\apiguardian\apiguardian-api\1.1.2\apiguardian-api-1.1.2.jar;C:\Users\I516008\.m2\repository\org\junit\jupiter\junit-jupiter-params\5.9.2\junit-jupiter-params-5.9.2.jar;C:\Users\I516008\.m2\repository\org\junit\jupiter\junit-jupiter-engine\5.9.2\junit-jupiter-engine-5.9.2.jar;C:\Users\I516008\.m2\repository\org\junit\platform\junit-platform-engine\1.9.2\junit-platform-engine-1.9.2.jar;C:\Users\I516008\.m2\repository\org\assertj\assertj-core\3.24.2\assertj-core-3.24.2.jar;C:\Users\I516008\.m2\repository\net\bytebuddy\byte-buddy\1.12.21\byte-buddy-1.12.21.jar;"/>
    <property name="sun.cpu.endian" value="little"/>
    <property name="user.home" value="C:\Users\I516008"/>
    <property name="user.language" value="en"/>
    <property name="java.specification.vendor" value="Oracle Corporation"/>
    <property name="java.version.date" value="2023-10-17"/>
    <property name="java.home" value="C:\Program Files\SapMachine\JDK\21"/>
    <property name="file.separator" value="\"/>
    <property name="basedir" value="C:\Users\I516008\CN_Java\tdd-java"/>
    <property name="java.vm.compressedOopsMode" value="Zero based"/>
    <property name="line.separator" value="&#10;"/>
    <property name="java.vm.specification.vendor" value="Oracle Corporation"/>
    <property name="java.specification.name" value="Java Platform API Specification"/>
    <property name="surefire.real.class.path" value="C:\Users\I516008\AppData\Local\Temp\surefire786473044317451862\surefirebooter5627471972070573008.jar"/>
    <property name="user.script" value=""/>
    <property name="sun.management.compiler" value="HotSpot 64-Bit Tiered Compilers"/>
    <property name="java.runtime.version" value="21.0.1+-LTS"/>
    <property name="user.name" value="I516008"/>
    <property name="stdout.encoding" value="Cp1252"/>
    <property name="path.separator" value=";"/>
    <property name="os.version" value="10.0"/>
    <property name="java.runtime.name" value="OpenJDK Runtime Environment"/>
    <property name="file.encoding" value="UTF-8"/>
    <property name="java.vm.name" value="OpenJDK 64-Bit Server VM"/>
    <property name="java.vendor.version" value="SapMachine"/>
    <property name="localRepository" value="C:\Users\I516008\.m2\repository"/>
    <property name="java.vendor.url.bug" value="https://github.com/SAP/SapMachine/issues/new"/>
    <property name="java.io.tmpdir" value="C:\Users\I516008\AppData\Local\Temp\"/>
    <property name="java.version" value="21.0.1"/>
    <property name="user.dir" value="C:\Users\I516008\CN_Java\tdd-java"/>
    <property name="os.arch" value="amd64"/>
    <property name="java.vm.specification.name" value="Java Virtual Machine Specification"/>
    <property name="sun.os.patch.level" value=""/>
    <property name="native.encoding" value="Cp1252"/>
    <property name="java.library.path" value="C:\Program Files\SapMachine\JDK\21\bin;C:\WINDOWS\Sun\Java\bin;C:\WINDOWS\system32;C:\WINDOWS;C:\Program Files\SapMachine\JDK\11\bin;C:\Program Files\Python311\Scripts\;C:\Program Files\Python311\;C:\Python311\Scripts\;C:\Python311\;C:\WINDOWS\system32;C:\WINDOWS;C:\WINDOWS\System32\Wbem;C:\WINDOWS\System32\WindowsPowerShell\v1.0\;C:\WINDOWS\System32\OpenSSH\;C:\Program Files\apache-maven-3.8.4\bin;C:\WINDOWS\system32\config\systemprofile\AppData\Local\Microsoft\WindowsApps;C:\WINDOWS\system32\config\systemprofile\AppData\Roaming\npm;C:\SUPA;C:\ProgramData\chocolatey\bin;C:\Program Files\SapMachine\JDK\17\bin;C:\Program Files\dotnet\;C:\Program Files\Git\cmd;C:\Users\I516008\AppData\Roaming\nvm;C:\Program Files\nodejs;C:\Users\I516008\Node_JS_WorkArea\;C:\Users\I516008\AppData\Local\Microsoft\WindowsApps;C:\Users\I516008\AppData\Local\Programs\Fiddler;C:\Program Files\apache-maven-3.8.4\bin;C:\Users\I516008\AppData\Local\Microsoft\WindowsApps;C:\Users\I516008\AppData\Local\Programs\Microsoft VS Code\bin;C:\sqlite;C:\Users\I516008\.krew\bin;C:\Program Files\SapMachine\JDK\17\bin;C:\Users\I516008\AppData\Roaming\npm;C:\Users\I516008\AppData\Roaming\nvm;C:\Program Files\nodejs;C:\Users\I516008\AppData\Local\GitHubDesktop\bin;."/>
    <property name="java.vm.info" value="mixed mode, sharing"/>
    <property name="stderr.encoding" value="Cp1252"/>
    <property name="java.vendor" value="SAP SE"/>
    <property name="java.vm.version" value="21.0.1+-LTS"/>
    <property name="sun.io.unicode.encoding" value="UnicodeLittle"/>
    <property name="java.class.version" value="65.0"/>
  </properties>
  <testcase name="fiveShouldGiveFive" classname="com.sap.cc.tdd.FizzBuzzTest" time="0.579"/>
  <testcase name="oneShouldGiveOne" classname="com.sap.cc.tdd.FizzBuzzTest" time="0.002"/>
  <testcase name="threeShouldGiveThree" classname="com.sap.cc.tdd.FizzBuzzTest" time="0.003"/>
  <testcase name="fifteenShouldGiveFifteen" classname="com.sap.cc.tdd.FizzBuzzTest" time="0.002"/>
  <testcase name="tenShouldGiveTen" classname="com.sap.cc.tdd.FizzBuzzTest" time="0.002"/>
  <testcase name="twoShouldGiveTwo" classname="com.sap.cc.tdd.FizzBuzzTest" time="0.003"/>
</testsuite>